Wed, 24 Jan 2018 16:25:46 /data/love_spider/spider/bantang.py [line:26] INFO [INFO] ============================================
Wed, 24 Jan 2018 16:25:46 /data/love_spider/spider/bantang.py [line:27] INFO [INFO] Start site: http://www.ibantang.com/g/14/
Wed, 24 Jan 2018 16:25:46 /data/love_spider/spider/bantang.py [line:38] INFO [INFO] Get category
Wed, 24 Jan 2018 16:25:57 /root/.virtualenvs/spider_love/lib/python3.5/site-packages/fake_useragent/utils.py [line:184] WARNING Error occurred during loading data. Trying to use cache server https://fake-useragent.herokuapp.com/browsers/0.1.8
Traceback (most recent call last):
  File "/usr/lib/python3.5/urllib/request.py", line 1254, in do_open
    h.request(req.get_method(), req.selector, req.data, headers)
  File "/usr/lib/python3.5/http/client.py", line 1106, in request
    self._send_request(method, url, body, headers)
  File "/usr/lib/python3.5/http/client.py", line 1151, in _send_request
    self.endheaders(body)
  File "/usr/lib/python3.5/http/client.py", line 1102, in endheaders
    self._send_output(message_body)
  File "/usr/lib/python3.5/http/client.py", line 934, in _send_output
    self.send(msg)
  File "/usr/lib/python3.5/http/client.py", line 877, in send
    self.connect()
  File "/usr/lib/python3.5/http/client.py", line 1252, in connect
    super().connect()
  File "/usr/lib/python3.5/http/client.py", line 849, in connect
    (self.host,self.port), self.timeout, self.source_address)
  File "/usr/lib/python3.5/socket.py", line 711, in create_connection
    raise err
  File "/usr/lib/python3.5/socket.py", line 702, in create_connection
    sock.connect(sa)
socket.timeout: timed out

During handling of the above exception, another exception occurred:

Traceback (most recent call last):
  File "/root/.virtualenvs/spider_love/lib/python3.5/site-packages/fake_useragent/utils.py", line 67, in get
    context=context,
  File "/usr/lib/python3.5/urllib/request.py", line 163, in urlopen
    return opener.open(url, data, timeout)
  File "/usr/lib/python3.5/urllib/request.py", line 466, in open
    response = self._open(req, data)
  File "/usr/lib/python3.5/urllib/request.py", line 484, in _open
    '_open', req)
  File "/usr/lib/python3.5/urllib/request.py", line 444, in _call_chain
    result = func(*args)
  File "/usr/lib/python3.5/urllib/request.py", line 1297, in https_open
    context=self._context, check_hostname=self._check_hostname)
  File "/usr/lib/python3.5/urllib/request.py", line 1256, in do_open
    raise URLError(err)
urllib.error.URLError: <urlopen error timed out>

During handling of the above exception, another exception occurred:

Traceback (most recent call last):
  File "/root/.virtualenvs/spider_love/lib/python3.5/site-packages/fake_useragent/utils.py", line 154, in load
    for item in get_browsers(verify_ssl=verify_ssl):
  File "/root/.virtualenvs/spider_love/lib/python3.5/site-packages/fake_useragent/utils.py", line 97, in get_browsers
    html = get(settings.BROWSERS_STATS_PAGE, verify_ssl=verify_ssl)
  File "/root/.virtualenvs/spider_love/lib/python3.5/site-packages/fake_useragent/utils.py", line 84, in get
    raise FakeUserAgentError('Maximum amount of retries reached')
fake_useragent.errors.FakeUserAgentError: Maximum amount of retries reached
Wed, 24 Jan 2018 16:29:36 /data/love_spider/spider/bantang.py [line:26] INFO [INFO] ============================================
Wed, 24 Jan 2018 16:29:36 /data/love_spider/spider/bantang.py [line:27] INFO [INFO] Start site: http://www.ibantang.com/g/14/
Wed, 24 Jan 2018 16:29:36 /data/love_spider/spider/bantang.py [line:38] INFO [INFO] Get category
Wed, 24 Jan 2018 16:29:42 /data/love_spider/spider/bantang.py [line:44] INFO [warn] ineffective:HTTPConnectionPool(host='103.31.250.204', port=8080): Read timed out. (read timeout=5)
Wed, 24 Jan 2018 16:29:42 /data/love_spider/spider/bantang.py [line:50] INFO [INFO] Get url: /g/14/ >>> 美妆
Wed, 24 Jan 2018 16:29:57 /data/love_spider/spider/bantang.py [line:66] INFO [warn] ineffective:HTTPConnectionPool(host='210.101.131.231', port=8080): Read timed out. (read timeout=5)
Wed, 24 Jan 2018 16:29:57 /data/love_spider/spider/bantang.py [line:71] INFO [INFO] Get url: /g/122/ >>> 面部彩妆
Wed, 24 Jan 2018 16:30:13 /data/love_spider/spider/bantang.py [line:88] INFO [warn] ineffective:HTTPConnectionPool(host='103.3.46.12', port=80): Max retries exceeded with url: http://www.ibantang.com/g/122/ (Caused by ConnectTimeoutError(<urllib3.connection.HTTPConnection object at 0x7f646e1090b8>, 'Connection to 103.3.46.12 timed out. (connect timeout=5)'))
Wed, 24 Jan 2018 16:30:31 /data/love_spider/spider/bantang.py [line:113] INFO [warn] ineffective:HTTPConnectionPool(host='103.3.46.12', port=80): Read timed out. (read timeout=5)
Wed, 24 Jan 2018 16:31:03 /data/love_spider/spider/bantang.py [line:119] INFO [warn] ineffective:HTTPConnectionPool(host='201.59.220.138', port=8080): Read timed out.
Wed, 24 Jan 2018 16:31:48 /data/love_spider/spider/bantang.py [line:26] INFO [INFO] ============================================
Wed, 24 Jan 2018 16:31:48 /data/love_spider/spider/bantang.py [line:27] INFO [INFO] Start site: http://www.ibantang.com/g/14/
Wed, 24 Jan 2018 16:31:48 /data/love_spider/spider/bantang.py [line:38] INFO [INFO] Get category
Wed, 24 Jan 2018 16:31:54 /data/love_spider/spider/bantang.py [line:44] INFO [warn] ineffective:HTTPConnectionPool(host='103.31.250.204', port=8080): Read timed out. (read timeout=5)
Wed, 24 Jan 2018 16:31:54 /data/love_spider/spider/bantang.py [line:50] INFO [INFO] Get url: /g/14/ >>> 美妆
Wed, 24 Jan 2018 16:32:10 /data/love_spider/spider/bantang.py [line:66] INFO [warn] ineffective:HTTPConnectionPool(host='200.229.194.154', port=3128): Max retries exceeded with url: http://www.ibantang.com/g/14/ (Caused by ConnectTimeoutError(<urllib3.connection.HTTPConnection object at 0x7f05c4da8eb8>, 'Connection to 200.229.194.154 timed out. (connect timeout=5)'))
Wed, 24 Jan 2018 16:32:10 /data/love_spider/spider/bantang.py [line:71] INFO [INFO] Get url: /g/122/ >>> 面部彩妆
Wed, 24 Jan 2018 16:32:26 /data/love_spider/spider/bantang.py [line:88] INFO [warn] ineffective:HTTPConnectionPool(host='210.101.131.231', port=8080): Read timed out. (read timeout=5)
Wed, 24 Jan 2018 16:32:41 /data/love_spider/spider/bantang.py [line:113] INFO [warn] ineffective:HTTPConnectionPool(host='210.101.131.231', port=8080): Read timed out. (read timeout=5)
Wed, 24 Jan 2018 16:32:51 /data/love_spider/spider/bantang.py [line:150] INFO [ERROR] 'str' object is not callable
Wed, 24 Jan 2018 16:33:06 /data/love_spider/spider/bantang.py [line:113] INFO [warn] ineffective:HTTPConnectionPool(host='103.3.46.12', port=80): Max retries exceeded with url: http://www.ibantang.com/g/getProductList?id=114&sort=0&page=0&pagesize=20 (Caused by ConnectTimeoutError(<urllib3.connection.HTTPConnection object at 0x7f05c4da89e8>, 'Connection to 103.3.46.12 timed out. (connect timeout=5)'))
Wed, 24 Jan 2018 16:33:21 /data/love_spider/spider/bantang.py [line:119] INFO [warn] ineffective:HTTPConnectionPool(host='103.31.250.204', port=8080): Read timed out. (read timeout=5)
Wed, 24 Jan 2018 16:33:22 /data/love_spider/spider/bantang.py [line:150] INFO [ERROR] 'str' object is not callable
Wed, 24 Jan 2018 16:33:48 /data/love_spider/spider/bantang.py [line:119] INFO [warn] ineffective:HTTPConnectionPool(host='210.101.131.231', port=8080): Read timed out. (read timeout=5)
Wed, 24 Jan 2018 16:33:48 /data/love_spider/spider/bantang.py [line:150] INFO [ERROR] 'str' object is not callable
Wed, 24 Jan 2018 16:34:04 /data/love_spider/spider/bantang.py [line:113] INFO [warn] ineffective:HTTPConnectionPool(host='103.3.46.12', port=80): Read timed out. (read timeout=5)
Wed, 24 Jan 2018 16:34:20 /data/love_spider/spider/bantang.py [line:119] INFO [warn] ineffective:HTTPConnectionPool(host='200.229.194.154', port=3128): Max retries exceeded with url: http://www.ibantang.com/g/getProductList?id=114&sort=0&page=1&pagesize=20 (Caused by ConnectTimeoutError(<urllib3.connection.HTTPConnection object at 0x7f05c4d51208>, 'Connection to 200.229.194.154 timed out. (connect timeout=5)'))
Wed, 24 Jan 2018 16:34:20 /data/love_spider/spider/bantang.py [line:150] INFO [ERROR] 'str' object is not callable
Wed, 24 Jan 2018 16:34:35 /data/love_spider/spider/bantang.py [line:113] INFO [warn] ineffective:HTTPConnectionPool(host='103.31.250.204', port=8080): Read timed out. (read timeout=5)
Wed, 24 Jan 2018 16:34:50 /data/love_spider/spider/bantang.py [line:119] INFO [warn] ineffective:HTTPConnectionPool(host='103.31.250.204', port=8080): Read timed out. (read timeout=5)
Wed, 24 Jan 2018 16:34:50 /data/love_spider/spider/bantang.py [line:150] INFO [ERROR] 'str' object is not callable
Wed, 24 Jan 2018 16:35:09 /data/love_spider/spider/bantang.py [line:113] INFO [warn] ineffective:HTTPConnectionPool(host='103.3.46.12', port=80): Read timed out. (read timeout=5)
Wed, 24 Jan 2018 16:35:24 /data/love_spider/spider/bantang.py [line:119] INFO [warn] ineffective:HTTPConnectionPool(host='200.229.194.154', port=3128): Max retries exceeded with url: http://www.ibantang.com/g/getProductList?id=114&sort=0&page=1&pagesize=20 (Caused by ConnectTimeoutError(<urllib3.connection.HTTPConnection object at 0x7f05c4d514e0>, 'Connection to 200.229.194.154 timed out. (connect timeout=5)'))
Wed, 24 Jan 2018 16:35:24 /data/love_spider/spider/bantang.py [line:150] INFO [ERROR] 'str' object is not callable
Wed, 24 Jan 2018 16:35:52 /data/love_spider/spider/bantang.py [line:119] INFO [warn] ineffective:HTTPConnectionPool(host='103.3.46.12', port=80): Read timed out. (read timeout=5)
Wed, 24 Jan 2018 16:35:52 /data/love_spider/spider/bantang.py [line:150] INFO [ERROR] 'str' object is not callable
Wed, 24 Jan 2018 16:36:07 /data/love_spider/spider/bantang.py [line:113] INFO [warn] ineffective:HTTPConnectionPool(host='201.59.220.138', port=8080): Max retries exceeded with url: http://www.ibantang.com/g/getProductList?id=114&sort=0&page=0&pagesize=20 (Caused by ProxyError('Cannot connect to proxy.', RemoteDisconnected('Remote end closed connection without response',)))
Wed, 24 Jan 2018 16:36:23 /data/love_spider/spider/bantang.py [line:119] INFO [warn] ineffective:HTTPConnectionPool(host='201.59.220.138', port=8080): Read timed out. (read timeout=5)
Wed, 24 Jan 2018 16:36:23 /data/love_spider/spider/bantang.py [line:150] INFO [ERROR] 'str' object is not callable
Wed, 24 Jan 2018 16:36:39 /data/love_spider/spider/bantang.py [line:113] INFO [warn] ineffective:HTTPConnectionPool(host='210.101.131.231', port=8080): Read timed out. (read timeout=5)
Wed, 24 Jan 2018 16:36:54 /data/love_spider/spider/bantang.py [line:119] INFO [warn] ineffective:HTTPConnectionPool(host='200.229.194.154', port=3128): Max retries exceeded with url: http://www.ibantang.com/g/getProductList?id=114&sort=0&page=1&pagesize=20 (Caused by ConnectTimeoutError(<urllib3.connection.HTTPConnection object at 0x7f05c4d51438>, 'Connection to 200.229.194.154 timed out. (connect timeout=5)'))
Wed, 24 Jan 2018 16:36:54 /data/love_spider/spider/bantang.py [line:150] INFO [ERROR] 'str' object is not callable
Wed, 24 Jan 2018 16:37:09 /data/love_spider/spider/bantang.py [line:113] INFO [warn] ineffective:HTTPConnectionPool(host='200.229.194.154', port=3128): Max retries exceeded with url: http://www.ibantang.com/g/getProductList?id=114&sort=0&page=0&pagesize=20 (Caused by ConnectTimeoutError(<urllib3.connection.HTTPConnection object at 0x7f05c4d5f160>, 'Connection to 200.229.194.154 timed out. (connect timeout=5)'))
Wed, 24 Jan 2018 16:37:19 /data/love_spider/spider/bantang.py [line:150] INFO [ERROR] 'str' object is not callable
Wed, 24 Jan 2018 16:37:35 /data/love_spider/spider/bantang.py [line:113] INFO [warn] ineffective:HTTPConnectionPool(host='103.31.250.204', port=8080): Read timed out. (read timeout=5)
Wed, 24 Jan 2018 16:37:50 /data/love_spider/spider/bantang.py [line:119] INFO [warn] ineffective:HTTPConnectionPool(host='103.3.46.12', port=80): Max retries exceeded with url: http://www.ibantang.com/g/getProductList?id=114&sort=0&page=1&pagesize=20 (Caused by ConnectTimeoutError(<urllib3.connection.HTTPConnection object at 0x7f05c4d5f550>, 'Connection to 103.3.46.12 timed out. (connect timeout=5)'))
Wed, 24 Jan 2018 16:37:50 /data/love_spider/spider/bantang.py [line:150] INFO [ERROR] 'str' object is not callable
Wed, 24 Jan 2018 16:38:05 /data/love_spider/spider/bantang.py [line:113] INFO [warn] ineffective:HTTPConnectionPool(host='200.229.194.154', port=3128): Max retries exceeded with url: http://www.ibantang.com/g/getProductList?id=114&sort=0&page=0&pagesize=20 (Caused by ConnectTimeoutError(<urllib3.connection.HTTPConnection object at 0x7f05c4d64278>, 'Connection to 200.229.194.154 timed out. (connect timeout=5)'))
Wed, 24 Jan 2018 16:38:20 /data/love_spider/spider/bantang.py [line:119] INFO [warn] ineffective:HTTPConnectionPool(host='201.59.220.138', port=8080): Max retries exceeded with url: http://www.ibantang.com/g/getProductList?id=114&sort=0&page=1&pagesize=20 (Caused by ConnectTimeoutError(<urllib3.connection.HTTPConnection object at 0x7f05c4d64198>, 'Connection to 201.59.220.138 timed out. (connect timeout=5)'))
Wed, 24 Jan 2018 16:38:20 /data/love_spider/spider/bantang.py [line:150] INFO [ERROR] 'str' object is not callable
Wed, 24 Jan 2018 16:38:35 /data/love_spider/spider/bantang.py [line:113] INFO [warn] ineffective:HTTPConnectionPool(host='200.229.194.154', port=3128): Max retries exceeded with url: http://www.ibantang.com/g/getProductList?id=114&sort=0&page=0&pagesize=20 (Caused by ConnectTimeoutError(<urllib3.connection.HTTPConnection object at 0x7f05c4da8f60>, 'Connection to 200.229.194.154 timed out. (connect timeout=5)'))
Wed, 24 Jan 2018 16:38:51 /data/love_spider/spider/bantang.py [line:119] INFO [warn] ineffective:HTTPConnectionPool(host='103.31.250.204', port=8080): Read timed out. (read timeout=5)
Wed, 24 Jan 2018 16:38:51 /data/love_spider/spider/bantang.py [line:150] INFO [ERROR] 'str' object is not callable
Wed, 24 Jan 2018 16:39:06 /data/love_spider/spider/bantang.py [line:113] INFO [warn] ineffective:HTTPConnectionPool(host='103.3.46.12', port=80): Max retries exceeded with url: http://www.ibantang.com/g/getProductList?id=114&sort=0&page=0&pagesize=20 (Caused by ConnectTimeoutError(<urllib3.connection.HTTPConnection object at 0x7f05c4d436d8>, 'Connection to 103.3.46.12 timed out. (connect timeout=5)'))
Wed, 24 Jan 2018 16:39:21 /data/love_spider/spider/bantang.py [line:119] INFO [warn] ineffective:HTTPConnectionPool(host='210.101.131.231', port=8080): Read timed out. (read timeout=5)
Wed, 24 Jan 2018 16:39:21 /data/love_spider/spider/bantang.py [line:150] INFO [ERROR] 'str' object is not callable
Wed, 24 Jan 2018 16:39:36 /data/love_spider/spider/bantang.py [line:113] INFO [warn] ineffective:HTTPConnectionPool(host='103.3.46.12', port=80): Max retries exceeded with url: http://www.ibantang.com/g/getProductList?id=114&sort=0&page=0&pagesize=20 (Caused by ConnectTimeoutError(<urllib3.connection.HTTPConnection object at 0x7f05c4d517f0>, 'Connection to 103.3.46.12 timed out. (connect timeout=5)'))
Wed, 24 Jan 2018 16:39:52 /data/love_spider/spider/bantang.py [line:119] INFO [warn] ineffective:HTTPConnectionPool(host='103.3.46.12', port=80): Max retries exceeded with url: http://www.ibantang.com/g/getProductList?id=114&sort=0&page=1&pagesize=20 (Caused by ConnectTimeoutError(<urllib3.connection.HTTPConnection object at 0x7f05c4d53828>, 'Connection to 103.3.46.12 timed out. (connect timeout=5)'))
Wed, 24 Jan 2018 16:39:52 /data/love_spider/spider/bantang.py [line:150] INFO [ERROR] 'str' object is not callable
Wed, 24 Jan 2018 16:40:17 /data/love_spider/spider/bantang.py [line:119] INFO [warn] ineffective:HTTPConnectionPool(host='201.59.220.138', port=8080): Max retries exceeded with url: http://www.ibantang.com/g/getProductList?id=114&sort=0&page=1&pagesize=20 (Caused by ConnectTimeoutError(<urllib3.connection.HTTPConnection object at 0x7f05c4d53710>, 'Connection to 201.59.220.138 timed out. (connect timeout=5)'))
Wed, 24 Jan 2018 16:40:17 /data/love_spider/spider/bantang.py [line:150] INFO [ERROR] 'str' object is not callable
Wed, 24 Jan 2018 16:40:35 /data/love_spider/spider/bantang.py [line:113] INFO [warn] ineffective:HTTPConnectionPool(host='201.59.220.138', port=8080): Read timed out. (read timeout=5)
Wed, 24 Jan 2018 16:40:45 /data/love_spider/spider/bantang.py [line:150] INFO [ERROR] 'str' object is not callable
Wed, 24 Jan 2018 16:41:10 /data/love_spider/spider/bantang.py [line:119] INFO [warn] ineffective:HTTPConnectionPool(host='103.31.250.204', port=8080): Read timed out. (read timeout=5)
Wed, 24 Jan 2018 16:41:10 /data/love_spider/spider/bantang.py [line:150] INFO [ERROR] 'str' object is not callable
Wed, 24 Jan 2018 16:41:26 /data/love_spider/spider/bantang.py [line:113] INFO [warn] ineffective:HTTPConnectionPool(host='103.3.46.12', port=80): Read timed out. (read timeout=5)
Wed, 24 Jan 2018 16:41:42 /data/love_spider/spider/bantang.py [line:119] INFO [warn] ineffective:HTTPConnectionPool(host='103.3.46.12', port=80): Max retries exceeded with url: http://www.ibantang.com/g/getProductList?id=114&sort=0&page=1&pagesize=20 (Caused by ConnectTimeoutError(<urllib3.connection.HTTPConnection object at 0x7f05c4d753c8>, 'Connection to 103.3.46.12 timed out. (connect timeout=5)'))
Wed, 24 Jan 2018 16:41:42 /data/love_spider/spider/bantang.py [line:150] INFO [ERROR] 'str' object is not callable
Wed, 24 Jan 2018 16:41:57 /data/love_spider/spider/bantang.py [line:113] INFO [warn] ineffective:HTTPConnectionPool(host='201.59.220.138', port=8080): Max retries exceeded with url: http://www.ibantang.com/g/getProductList?id=114&sort=0&page=0&pagesize=20 (Caused by ConnectTimeoutError(<urllib3.connection.HTTPConnection object at 0x7f05c4d538d0>, 'Connection to 201.59.220.138 timed out. (connect timeout=5)'))
Wed, 24 Jan 2018 16:42:13 /data/love_spider/spider/bantang.py [line:119] INFO [warn] ineffective:HTTPConnectionPool(host='201.59.220.138', port=8080): Read timed out. (read timeout=5)
Wed, 24 Jan 2018 16:42:13 /data/love_spider/spider/bantang.py [line:150] INFO [ERROR] 'str' object is not callable
Wed, 24 Jan 2018 16:42:29 /data/love_spider/spider/bantang.py [line:113] INFO [warn] ineffective:HTTPConnectionPool(host='200.229.194.154', port=3128): Read timed out. (read timeout=5)
Wed, 24 Jan 2018 16:42:44 /data/love_spider/spider/bantang.py [line:119] INFO [warn] ineffective:HTTPConnectionPool(host='200.229.194.154', port=3128): Max retries exceeded with url: http://www.ibantang.com/g/getProductList?id=114&sort=0&page=1&pagesize=20 (Caused by ConnectTimeoutError(<urllib3.connection.HTTPConnection object at 0x7f05c4d75518>, 'Connection to 200.229.194.154 timed out. (connect timeout=5)'))
Wed, 24 Jan 2018 16:42:44 /data/love_spider/spider/bantang.py [line:150] INFO [ERROR] 'str' object is not callable
Wed, 24 Jan 2018 16:42:59 /data/love_spider/spider/bantang.py [line:113] INFO [warn] ineffective:HTTPConnectionPool(host='200.229.194.154', port=3128): Max retries exceeded with url: http://www.ibantang.com/g/getProductList?id=114&sort=0&page=0&pagesize=20 (Caused by ConnectTimeoutError(<urllib3.connection.HTTPConnection object at 0x7f05c4d83390>, 'Connection to 200.229.194.154 timed out. (connect timeout=5)'))
Wed, 24 Jan 2018 16:43:09 /data/love_spider/spider/bantang.py [line:150] INFO [ERROR] 'str' object is not callable
Wed, 24 Jan 2018 16:43:14 /data/love_spider/spider/bantang.py [line:26] INFO [INFO] ============================================
Wed, 24 Jan 2018 16:43:14 /data/love_spider/spider/bantang.py [line:27] INFO [INFO] Start site: http://www.ibantang.com/g/14/
Wed, 24 Jan 2018 16:43:14 /data/love_spider/spider/bantang.py [line:38] INFO [INFO] Get category
Wed, 24 Jan 2018 16:43:19 /data/love_spider/spider/bantang.py [line:44] INFO [warn] ineffective:HTTPConnectionPool(host='103.31.250.204', port=8080): Read timed out. (read timeout=5)
Wed, 24 Jan 2018 16:43:19 /data/love_spider/spider/bantang.py [line:50] INFO [INFO] Get url: /g/14/ >>> 美妆
Wed, 24 Jan 2018 16:43:35 /data/love_spider/spider/bantang.py [line:66] INFO [warn] ineffective:HTTPConnectionPool(host='103.31.250.204', port=8080): Read timed out. (read timeout=5)
Wed, 24 Jan 2018 16:43:35 /data/love_spider/spider/bantang.py [line:71] INFO [INFO] Get url: /g/122/ >>> 面部彩妆
Wed, 24 Jan 2018 16:43:50 /data/love_spider/spider/bantang.py [line:88] INFO [warn] ineffective:HTTPConnectionPool(host='103.3.46.12', port=80): Max retries exceeded with url: http://www.ibantang.com/g/122/ (Caused by ConnectTimeoutError(<urllib3.connection.HTTPConnection object at 0x7f4aa2ce4da0>, 'Connection to 103.3.46.12 timed out. (connect timeout=5)'))
Wed, 24 Jan 2018 16:44:07 /data/love_spider/spider/bantang.py [line:113] INFO [warn] ineffective:HTTPConnectionPool(host='103.3.46.12', port=80): Read timed out. (read timeout=5)
Wed, 24 Jan 2018 16:44:23 /data/love_spider/spider/bantang.py [line:119] INFO [warn] ineffective:HTTPConnectionPool(host='200.229.194.154', port=3128): Read timed out. (read timeout=5)
Wed, 24 Jan 2018 16:44:23 /data/love_spider/spider/bantang.py [line:150] INFO [ERROR] 'str' object is not callable
Wed, 24 Jan 2018 16:45:13 /data/love_spider/spider/bantang.py [line:26] INFO [INFO] ============================================
Wed, 24 Jan 2018 16:45:13 /data/love_spider/spider/bantang.py [line:27] INFO [INFO] Start site: http://www.ibantang.com/g/14/
Wed, 24 Jan 2018 16:45:13 /data/love_spider/spider/bantang.py [line:38] INFO [INFO] Get category
Wed, 24 Jan 2018 16:45:19 /data/love_spider/spider/bantang.py [line:44] INFO [warn] ineffective:HTTPConnectionPool(host='200.229.194.154', port=3128): Read timed out. (read timeout=5)
Wed, 24 Jan 2018 16:45:19 /data/love_spider/spider/bantang.py [line:50] INFO [INFO] Get url: /g/14/ >>> 美妆
Wed, 24 Jan 2018 16:45:35 /data/love_spider/spider/bantang.py [line:66] INFO [warn] ineffective:HTTPConnectionPool(host='103.31.250.204', port=8080): Read timed out. (read timeout=5)
Wed, 24 Jan 2018 16:45:35 /data/love_spider/spider/bantang.py [line:71] INFO [INFO] Get url: /g/122/ >>> 面部彩妆
Wed, 24 Jan 2018 16:45:45 /data/love_spider/spider/bantang.py [line:71] INFO [INFO] Get url: /g/116/ >>> 眉部彩妆
Wed, 24 Jan 2018 16:46:01 /data/love_spider/spider/bantang.py [line:88] INFO [warn] ineffective:HTTPConnectionPool(host='103.3.46.12', port=80): Read timed out. (read timeout=5)
Wed, 24 Jan 2018 16:46:17 /data/love_spider/spider/bantang.py [line:113] INFO [warn] ineffective:HTTPConnectionPool(host='103.3.46.12', port=80): Read timed out. (read timeout=5)
Wed, 24 Jan 2018 16:46:32 /data/love_spider/spider/bantang.py [line:119] INFO [warn] ineffective:HTTPConnectionPool(host='201.59.220.138', port=8080): Max retries exceeded with url: http://www.ibantang.com/g/getProductList?id=123&sort=0&page=1&pagesize=20 (Caused by ConnectTimeoutError(<urllib3.connection.HTTPConnection object at 0x7f0655f1ba20>, 'Connection to 201.59.220.138 timed out. (connect timeout=5)'))
Wed, 24 Jan 2018 16:46:32 /data/love_spider/spider/bantang.py [line:150] INFO [ERROR] 'str' object is not callable
Wed, 24 Jan 2018 16:47:13 /data/love_spider/spider/bantang.py [line:26] INFO [INFO] ============================================
Wed, 24 Jan 2018 16:47:13 /data/love_spider/spider/bantang.py [line:27] INFO [INFO] Start site: http://www.ibantang.com/g/14/
Wed, 24 Jan 2018 16:47:13 /data/love_spider/spider/bantang.py [line:38] INFO [INFO] Get category
Wed, 24 Jan 2018 16:47:13 /data/love_spider/spider/bantang.py [line:158] INFO ===============================================
Wed, 24 Jan 2018 16:47:13 /data/love_spider/spider/bantang.py [line:159] INFO [INFO] Ibantang Ok time cost: 0.1253070831298828
Wed, 24 Jan 2018 16:47:13 /data/love_spider/spider/bantang.py [line:160] INFO ===============================================
Wed, 24 Jan 2018 16:47:19 /data/love_spider/spider/bantang.py [line:26] INFO [INFO] ============================================
Wed, 24 Jan 2018 16:47:19 /data/love_spider/spider/bantang.py [line:27] INFO [INFO] Start site: http://www.ibantang.com/g/14/
Wed, 24 Jan 2018 16:47:19 /data/love_spider/spider/bantang.py [line:38] INFO [INFO] Get category
Wed, 24 Jan 2018 16:47:22 /data/love_spider/spider/bantang.py [line:50] INFO [INFO] Get url: /g/14/ >>> 美妆
Wed, 24 Jan 2018 16:47:38 /data/love_spider/spider/bantang.py [line:66] INFO [warn] ineffective:HTTPConnectionPool(host='103.3.46.12', port=80): Read timed out. (read timeout=5)
Wed, 24 Jan 2018 16:47:38 /data/love_spider/spider/bantang.py [line:71] INFO [INFO] Get url: /g/122/ >>> 面部彩妆
Wed, 24 Jan 2018 16:47:53 /data/love_spider/spider/bantang.py [line:88] INFO [warn] ineffective:HTTPConnectionPool(host='103.31.250.204', port=8080): Read timed out. (read timeout=5)
Wed, 24 Jan 2018 16:48:14 /data/love_spider/spider/bantang.py [line:122] INFO [INFO] Get 114 success
Wed, 24 Jan 2018 16:48:29 /data/love_spider/spider/bantang.py [line:113] INFO [warn] ineffective:HTTPConnectionPool(host='103.31.250.204', port=8080): Read timed out. (read timeout=5)
Wed, 24 Jan 2018 16:48:50 /data/love_spider/spider/bantang.py [line:150] INFO [ERROR] 'str' object is not callable
